Arguments: 
  C:\Program Files\nodejs\node.exe C:\Users\josia\AppData\Roaming\npm\node_modules\yarn\bin\yarn.js add binance-api-node

PATH: 
  C:\Users\josia\Downloads\cmder\vendor\bin;C:\Users\josia\Downloads\cmder\vendor\conemu-maximus5\ConEmu\Scripts;C:\Users\josia\Downloads\cmder\vendor\conemu-maximus5;C:\Users\josia\Downloads\cmder\vendor\conemu-maximus5\ConEmu;C:\Program Files (x86)\Common Files\Oracle\Java\javapath;C:\ProgramData\Oracle\Java\javapath;C:\Windows\system32;C:\Windows;C:\Windows\System32\Wbem;C:\Windows\System32\WindowsPowerShell\v1.0\;C:\Program Files (x86)\NVIDIA Corporation\PhysX\Common;C:\Users\josia\AppData\Roaming\nvm;C:\Program Files\nodejs;C:\WINDOWS\system32;C:\WINDOWS;C:\WINDOWS\System32\Wbem;C:\WINDOWS\System32\WindowsPowerShell\v1.0\;C:\WINDOWS\System32\OpenSSH\;C:\wamp64\bin\php\php7.3.12;C:\Program Files\PuTTY\;C:\Program Files\NVIDIA Corporation\NVIDIA NvDLISR;C:\WINDOWS\system32;C:\WINDOWS;C:\WINDOWS\System32\Wbem;C:\WINDOWS\System32\WindowsPowerShell\v1.0\;C:\WINDOWS\System32\OpenSSH\;C:\Program Files\Microsoft VS Code\bin;C:\Users\josia\AppData\Local\Android\Sdk\platform-tools;C:\ProgramData\ComposerSetup\bin;C:\Program Files\Git\cmd;C:\Program Files\MySQL\MySQL Shell 8.0\bin\;C:\Users\josia\AppData\Local\Microsoft\WindowsApps;C:\Users\josia\AppData\Roaming\npm;C:\Users\josia\AppData\Local\GitHubDesktop\bin;C:\Users\josia\AppData\Local\Microsoft\WindowsApps;C:\Users\josia\AppData\Roaming\Composer\vendor\bin;C:\Program Files\Git\mingw64\bin;C:\Program Files\Git\usr\bin;C:\Users\josia\Downloads\cmder

Yarn version: 
  1.22.17

Node version: 
  14.8.0

Platform: 
  win32 x64

Trace: 
  SyntaxError: C:\wamp64\www\rentalbot\package.json: Unexpected token } in JSON at position 337
      at JSON.parse (<anonymous>)
      at C:\Users\josia\AppData\Roaming\npm\node_modules\yarn\lib\cli.js:1625:59
      at Generator.next (<anonymous>)
      at step (C:\Users\josia\AppData\Roaming\npm\node_modules\yarn\lib\cli.js:310:30)
      at C:\Users\josia\AppData\Roaming\npm\node_modules\yarn\lib\cli.js:321:13

npm manifest: 
  {
    "name": "rentalbot",
    "version": "1.0.0",
    "description": "",
    "main": "index.js",
    "scripts": {
      "start": "node -r dotenv/config index",
      "test": "echo \"Error: no test specified\" && exit 1"
    },
    "keywords": [],
    "author": "",
    "license": "ISC",
    "dependencies": {
      "axios": "^0.26.0",
      "dotenv": "^16.0.0",
    }
  }

yarn manifest: 
  No manifest

Lockfile: 
  No lockfile
