[2022-02-25T10:51:15.947] [INFO] log_default - 12116 iniciou
[2022-02-25T10:51:16.080] [INFO] log_default - 12116 verificando mercado
[2022-02-25T10:51:17.149] [INFO] log_default - Símbolo Comprador: USDT
[2022-02-25T10:51:17.150] [INFO] log_default - Símbolo Vendedor: BTC
[2022-02-25T10:51:17.150] [INFO] log_default - ...Verificando saldo do usuário
[2022-02-25T10:51:18.081] [INFO] log_default - saldo usuario
[2022-02-25T10:51:18.081] [DEBUG] log_default - [
  [Object: null prototype] {
    asset: 'USDT',
    free: '19.02199090',
    locked: '0.00000000'
  }
]
[2022-02-25T10:51:18.082] [WARN] log_default - 12116 saldo insuficiente para recompra: USDT - 19.02199090
[2022-02-25T10:52:20.306] [INFO] log_default - 17872 iniciou
[2022-02-25T10:52:20.438] [INFO] log_default - 17872 verificando mercado
[2022-02-25T10:52:21.655] [INFO] log_default - Símbolo Comprador: USDT
[2022-02-25T10:52:21.655] [INFO] log_default - Símbolo Vendedor: BTC
[2022-02-25T10:52:21.655] [INFO] log_default - Valor na compra: null
[2022-02-25T10:52:21.655] [INFO] log_default - Valor novo: 39423.80000000
[2022-02-25T10:52:21.655] [INFO] log_default - Valor pago quantidade comprada: NaN
[2022-02-25T10:52:21.655] [INFO] log_default - Valor de venta atual: 118.27140000000001
[2022-02-25T10:52:21.655] [INFO] log_default - Variação: NaN
[2022-02-25T10:52:21.655] [INFO] log_default - ________________________________________
[2022-02-25T10:52:23.657] [INFO] log_default - 17872 verificando mercado
[2022-02-25T10:52:24.592] [INFO] log_default - Símbolo Comprador: USDT
[2022-02-25T10:52:24.593] [INFO] log_default - Símbolo Vendedor: BTC
[2022-02-25T10:52:24.593] [INFO] log_default - Valor na compra: null
[2022-02-25T10:52:24.593] [INFO] log_default - Valor novo: 39423.80000000
[2022-02-25T10:52:24.593] [INFO] log_default - Valor pago quantidade comprada: NaN
[2022-02-25T10:52:24.593] [INFO] log_default - Valor de venta atual: 118.27140000000001
[2022-02-25T10:52:24.593] [INFO] log_default - Variação: NaN
[2022-02-25T10:52:24.593] [INFO] log_default - ________________________________________
[2022-02-25T10:52:26.595] [INFO] log_default - 17872 verificando mercado
[2022-02-25T10:52:27.531] [INFO] log_default - Símbolo Comprador: USDT
[2022-02-25T10:52:27.532] [INFO] log_default - Símbolo Vendedor: BTC
[2022-02-25T10:52:27.532] [INFO] log_default - Valor na compra: null
[2022-02-25T10:52:27.532] [INFO] log_default - Valor novo: 39423.80000000
[2022-02-25T10:52:27.532] [INFO] log_default - Valor pago quantidade comprada: NaN
[2022-02-25T10:52:27.532] [INFO] log_default - Valor de venta atual: 118.27140000000001
[2022-02-25T10:52:27.532] [INFO] log_default - Variação: NaN
[2022-02-25T10:52:27.532] [INFO] log_default - ________________________________________
[2022-02-25T10:52:29.532] [INFO] log_default - 17872 verificando mercado
[2022-02-25T10:52:29.902] [INFO] log_default - Símbolo Comprador: USDT
[2022-02-25T10:52:29.902] [INFO] log_default - Símbolo Vendedor: BTC
[2022-02-25T10:52:29.902] [INFO] log_default - Valor na compra: null
[2022-02-25T10:52:29.902] [INFO] log_default - Valor novo: 39422.67000000
[2022-02-25T10:52:29.902] [INFO] log_default - Valor pago quantidade comprada: NaN
[2022-02-25T10:52:29.902] [INFO] log_default - Valor de venta atual: 118.26801
[2022-02-25T10:52:29.902] [INFO] log_default - Variação: NaN
[2022-02-25T10:52:29.902] [INFO] log_default - ________________________________________
[2022-02-25T10:52:31.903] [INFO] log_default - 17872 verificando mercado
[2022-02-25T10:52:32.827] [INFO] log_default - Símbolo Comprador: USDT
[2022-02-25T10:52:32.827] [INFO] log_default - Símbolo Vendedor: BTC
[2022-02-25T10:52:32.827] [INFO] log_default - Valor na compra: null
[2022-02-25T10:52:32.828] [INFO] log_default - Valor novo: 39422.67000000
[2022-02-25T10:52:32.828] [INFO] log_default - Valor pago quantidade comprada: NaN
[2022-02-25T10:52:32.828] [INFO] log_default - Valor de venta atual: 118.26801
[2022-02-25T10:52:32.828] [INFO] log_default - Variação: NaN
[2022-02-25T10:52:32.828] [INFO] log_default - ________________________________________
[2022-02-25T10:52:34.828] [INFO] log_default - 17872 verificando mercado
[2022-02-25T10:52:35.196] [INFO] log_default - Símbolo Comprador: USDT
[2022-02-25T10:52:35.196] [INFO] log_default - Símbolo Vendedor: BTC
[2022-02-25T10:52:35.196] [INFO] log_default - Valor na compra: null
[2022-02-25T10:52:35.196] [INFO] log_default - Valor novo: 39422.67000000
[2022-02-25T10:52:35.196] [INFO] log_default - Valor pago quantidade comprada: NaN
[2022-02-25T10:52:35.196] [INFO] log_default - Valor de venta atual: 118.26801
[2022-02-25T10:52:35.196] [INFO] log_default - Variação: NaN
[2022-02-25T10:52:35.196] [INFO] log_default - ________________________________________
[2022-02-25T10:52:37.197] [INFO] log_default - 17872 verificando mercado
[2022-02-25T10:52:37.560] [INFO] log_default - Símbolo Comprador: USDT
[2022-02-25T10:52:37.560] [INFO] log_default - Símbolo Vendedor: BTC
[2022-02-25T10:52:37.560] [INFO] log_default - Valor na compra: null
[2022-02-25T10:52:37.560] [INFO] log_default - Valor novo: 39416.12000000
[2022-02-25T10:52:37.560] [INFO] log_default - Valor pago quantidade comprada: NaN
[2022-02-25T10:52:37.560] [INFO] log_default - Valor de venta atual: 118.24836
[2022-02-25T10:52:37.561] [INFO] log_default - Variação: NaN
[2022-02-25T10:52:37.561] [INFO] log_default - ________________________________________
[2022-02-25T10:52:39.561] [INFO] log_default - 17872 verificando mercado
[2022-02-25T10:52:39.925] [INFO] log_default - Símbolo Comprador: USDT
[2022-02-25T10:52:39.925] [INFO] log_default - Símbolo Vendedor: BTC
[2022-02-25T10:52:39.926] [INFO] log_default - Valor na compra: null
[2022-02-25T10:52:39.926] [INFO] log_default - Valor novo: 39413.69000000
[2022-02-25T10:52:39.926] [INFO] log_default - Valor pago quantidade comprada: NaN
[2022-02-25T10:52:39.926] [INFO] log_default - Valor de venta atual: 118.24107000000001
[2022-02-25T10:52:39.926] [INFO] log_default - Variação: NaN
[2022-02-25T10:52:39.926] [INFO] log_default - ________________________________________
[2022-02-25T10:52:41.927] [INFO] log_default - 17872 verificando mercado
[2022-02-25T10:52:42.886] [INFO] log_default - Símbolo Comprador: USDT
[2022-02-25T10:52:42.886] [INFO] log_default - Símbolo Vendedor: BTC
[2022-02-25T10:52:42.886] [INFO] log_default - Valor na compra: null
[2022-02-25T10:52:42.886] [INFO] log_default - Valor novo: 39412.46000000
[2022-02-25T10:52:42.886] [INFO] log_default - Valor pago quantidade comprada: NaN
[2022-02-25T10:52:42.886] [INFO] log_default - Valor de venta atual: 118.23738
[2022-02-25T10:52:42.886] [INFO] log_default - Variação: NaN
[2022-02-25T10:52:42.886] [INFO] log_default - ________________________________________
[2022-02-25T10:52:44.887] [INFO] log_default - 17872 verificando mercado
[2022-02-25T10:52:45.845] [INFO] log_default - Símbolo Comprador: USDT
[2022-02-25T10:52:45.845] [INFO] log_default - Símbolo Vendedor: BTC
[2022-02-25T10:52:45.845] [INFO] log_default - Valor na compra: null
[2022-02-25T10:52:45.845] [INFO] log_default - Valor novo: 39412.86000000
[2022-02-25T10:52:45.845] [INFO] log_default - Valor pago quantidade comprada: NaN
[2022-02-25T10:52:45.845] [INFO] log_default - Valor de venta atual: 118.23858
[2022-02-25T10:52:45.845] [INFO] log_default - Variação: NaN
[2022-02-25T10:52:45.845] [INFO] log_default - ________________________________________
[2022-02-25T10:52:47.845] [INFO] log_default - 17872 verificando mercado
[2022-02-25T10:52:48.772] [INFO] log_default - Símbolo Comprador: USDT
[2022-02-25T10:52:48.773] [INFO] log_default - Símbolo Vendedor: BTC
[2022-02-25T10:52:48.773] [INFO] log_default - Valor na compra: null
[2022-02-25T10:52:48.773] [INFO] log_default - Valor novo: 39415.80000000
[2022-02-25T10:52:48.773] [INFO] log_default - Valor pago quantidade comprada: NaN
[2022-02-25T10:52:48.773] [INFO] log_default - Valor de venta atual: 118.24740000000001
[2022-02-25T10:52:48.773] [INFO] log_default - Variação: NaN
[2022-02-25T10:52:48.773] [INFO] log_default - ________________________________________
[2022-02-25T10:52:50.773] [INFO] log_default - 17872 verificando mercado
[2022-02-25T10:52:51.703] [INFO] log_default - Símbolo Comprador: USDT
[2022-02-25T10:52:51.703] [INFO] log_default - Símbolo Vendedor: BTC
[2022-02-25T10:52:51.703] [INFO] log_default - Valor na compra: null
[2022-02-25T10:52:51.704] [INFO] log_default - Valor novo: 39418.58000000
[2022-02-25T10:52:51.704] [INFO] log_default - Valor pago quantidade comprada: NaN
[2022-02-25T10:52:51.704] [INFO] log_default - Valor de venta atual: 118.25574
[2022-02-25T10:52:51.704] [INFO] log_default - Variação: NaN
[2022-02-25T10:52:51.704] [INFO] log_default - ________________________________________
[2022-02-25T10:52:53.704] [INFO] log_default - 17872 verificando mercado
[2022-02-25T10:52:54.625] [INFO] log_default - Símbolo Comprador: USDT
[2022-02-25T10:52:54.626] [INFO] log_default - Símbolo Vendedor: BTC
[2022-02-25T10:52:54.626] [INFO] log_default - Valor na compra: null
[2022-02-25T10:52:54.626] [INFO] log_default - Valor novo: 39418.58000000
[2022-02-25T10:52:54.626] [INFO] log_default - Valor pago quantidade comprada: NaN
[2022-02-25T10:52:54.626] [INFO] log_default - Valor de venta atual: 118.25574
[2022-02-25T10:52:54.626] [INFO] log_default - Variação: NaN
[2022-02-25T10:52:54.626] [INFO] log_default - ________________________________________
[2022-02-25T10:52:56.627] [INFO] log_default - 17872 verificando mercado
[2022-02-25T10:52:56.985] [INFO] log_default - Símbolo Comprador: USDT
[2022-02-25T10:52:56.986] [INFO] log_default - Símbolo Vendedor: BTC
[2022-02-25T10:52:56.986] [INFO] log_default - Valor na compra: null
[2022-02-25T10:52:56.986] [INFO] log_default - Valor novo: 39418.58000000
[2022-02-25T10:52:56.986] [INFO] log_default - Valor pago quantidade comprada: NaN
[2022-02-25T10:52:56.986] [INFO] log_default - Valor de venta atual: 118.25574
[2022-02-25T10:52:56.986] [INFO] log_default - Variação: NaN
[2022-02-25T10:52:56.986] [INFO] log_default - ________________________________________
[2022-02-25T10:55:28.262] [INFO] log_default - 17828 iniciou
[2022-02-25T10:55:28.389] [INFO] log_default - 17828 verificando mercado
[2022-02-25T10:55:29.486] [ERROR] log_default - 17828 has broken! Error: Invalid symbol.
    at C:\wamp64\www\rentalbot\node_modules\binance-api-node\dist\http-client.js:100:17
    at processTicksAndRejections (internal/process/task_queues.js:93:5)
    at async processOrder (C:\wamp64\www\rentalbot\worker.js:316:26)
    at async C:\wamp64\www\rentalbot\worker.js:442:3
[2022-02-25T10:56:36.847] [INFO] log_default - 9904 iniciou
[2022-02-25T10:56:36.977] [INFO] log_default - 9904 verificando mercado
[2022-02-25T10:56:38.126] [INFO] log_default - Símbolo Comprador: USDT
[2022-02-25T10:56:38.127] [INFO] log_default - Símbolo Vendedor: BTC
[2022-02-25T10:56:38.127] [INFO] log_default - ...Verificando saldo do usuário
[2022-02-25T10:56:39.119] [INFO] log_default - saldo usuario
[2022-02-25T10:56:39.119] [DEBUG] log_default - [
  [Object: null prototype] {
    asset: 'USDT',
    free: '19.02199090',
    locked: '0.00000000'
  }
]
[2022-02-25T10:56:39.120] [INFO] log_default - ...Comprando ordem principal na binance
[2022-02-25T10:56:39.902] [INFO] log_default - saldo usuario
[2022-02-25T10:56:39.902] [DEBUG] log_default - [
  [Object: null prototype] {
    asset: 'USDT',
    free: '7.21869790',
    locked: '0.00000000'
  }
]
[2022-02-25T10:56:40.823] [INFO] log_default - saldo usuario
[2022-02-25T10:56:40.823] [DEBUG] log_default - [
  [Object: null prototype] {
    asset: 'BTC',
    free: '1.03030000',
    locked: '0.00000000'
  }
]
[2022-02-25T10:56:40.824] [INFO] log_default - Saldo usuário moeda compra
[2022-02-25T10:56:40.824] [DEBUG] log_default - [
  [Object: null prototype] {
    asset: 'USDT',
    free: '7.21869790',
    locked: '0.00000000'
  }
]
[2022-02-25T10:56:40.824] [INFO] log_default - Saldo usuário moeda venda
[2022-02-25T10:56:40.824] [DEBUG] log_default - [
  [Object: null prototype] {
    asset: 'BTC',
    free: '1.03030000',
    locked: '0.00000000'
  }
]
[2022-02-25T10:56:40.827] [INFO] log_default - Valor na compra: null
[2022-02-25T10:56:40.827] [INFO] log_default - Valor novo: 39349.12000000
[2022-02-25T10:56:40.827] [INFO] log_default - Valor pago quantidade comprada: NaN
[2022-02-25T10:56:40.828] [INFO] log_default - Valor de venta atual: 11.804736
[2022-02-25T10:56:40.828] [INFO] log_default - Variação: NaN
[2022-02-25T10:56:40.828] [INFO] log_default - ________________________________________
[2022-02-25T10:56:42.829] [INFO] log_default - 9904 verificando mercado
[2022-02-25T10:56:43.775] [INFO] log_default - Símbolo Comprador: USDT
[2022-02-25T10:56:43.775] [INFO] log_default - Símbolo Vendedor: BTC
[2022-02-25T10:56:43.776] [INFO] log_default - Valor na compra: 39349.1
[2022-02-25T10:56:43.776] [INFO] log_default - Valor novo: 39342.08000000
[2022-02-25T10:56:43.776] [INFO] log_default - Valor pago quantidade comprada: 11.80473
[2022-02-25T10:56:43.776] [INFO] log_default - Valor de venta atual: 11.802624
[2022-02-25T10:56:43.776] [INFO] log_default - Variação: -0.017840306385656406
[2022-02-25T10:56:43.778] [INFO] log_default - ________________________________________
[2022-02-25T10:58:33.289] [INFO] log_default - 5076 iniciou
[2022-02-25T10:58:33.415] [INFO] log_default - 5076 verificando mercado
[2022-02-25T10:58:34.461] [ERROR] log_default - 5076 has broken! Error: Invalid symbol.
    at C:\wamp64\www\rentalbot\node_modules\binance-api-node\dist\http-client.js:100:17
    at processTicksAndRejections (internal/process/task_queues.js:93:5)
    at async processOrder (C:\wamp64\www\rentalbot\worker.js:316:26)
    at async C:\wamp64\www\rentalbot\worker.js:442:3
[2022-02-25T10:59:08.227] [INFO] log_default - 11732 iniciou
[2022-02-25T10:59:08.359] [INFO] log_default - 11732 verificando mercado
[2022-02-25T10:59:09.338] [INFO] log_default - Símbolo Comprador: USDT
[2022-02-25T10:59:09.338] [INFO] log_default - Símbolo Vendedor: BTC
[2022-02-25T10:59:09.339] [INFO] log_default - Valor na compra: 39349.1
[2022-02-25T10:59:09.339] [INFO] log_default - Valor novo: 39292.12000000
[2022-02-25T10:59:09.339] [INFO] log_default - Valor pago quantidade comprada: 11.80473
[2022-02-25T10:59:09.339] [INFO] log_default - Valor de venta atual: 11.787636
[2022-02-25T10:59:09.339] [INFO] log_default - Variação: -0.14480636151779977
[2022-02-25T10:59:09.343] [INFO] log_default - ________________________________________
[2022-02-25T10:59:11.345] [INFO] log_default - 11732 verificando mercado
[2022-02-25T10:59:11.706] [INFO] log_default - Símbolo Comprador: USDT
[2022-02-25T10:59:11.707] [INFO] log_default - Símbolo Vendedor: BTC
[2022-02-25T10:59:11.707] [INFO] log_default - Valor na compra: 39349.1
[2022-02-25T10:59:11.707] [INFO] log_default - Valor novo: 39294.11000000
[2022-02-25T10:59:11.707] [INFO] log_default - Valor pago quantidade comprada: 11.80473
[2022-02-25T10:59:11.707] [INFO] log_default - Valor de venta atual: 11.788233
[2022-02-25T10:59:11.707] [INFO] log_default - Variação: -0.13974906668766943
[2022-02-25T10:59:11.708] [INFO] log_default - ________________________________________
[2022-02-25T10:59:13.709] [INFO] log_default - 11732 verificando mercado
[2022-02-25T10:59:14.633] [INFO] log_default - Símbolo Comprador: USDT
[2022-02-25T10:59:14.633] [INFO] log_default - Símbolo Vendedor: BTC
[2022-02-25T10:59:14.633] [INFO] log_default - Valor na compra: 39349.1
[2022-02-25T10:59:14.633] [INFO] log_default - Valor novo: 39294.70000000
[2022-02-25T10:59:14.633] [INFO] log_default - Valor pago quantidade comprada: 11.80473
[2022-02-25T10:59:14.634] [INFO] log_default - Valor de venta atual: 11.788409999999999
[2022-02-25T10:59:14.634] [INFO] log_default - Variação: -0.13824966771794303
[2022-02-25T10:59:14.635] [INFO] log_default - ________________________________________
[2022-02-25T10:59:16.636] [INFO] log_default - 11732 verificando mercado
[2022-02-25T10:59:17.008] [INFO] log_default - Símbolo Comprador: USDT
[2022-02-25T10:59:17.008] [INFO] log_default - Símbolo Vendedor: BTC
[2022-02-25T10:59:17.008] [INFO] log_default - Valor na compra: 39349.1
[2022-02-25T10:59:17.008] [INFO] log_default - Valor novo: 39299.04000000
[2022-02-25T10:59:17.008] [INFO] log_default - Valor pago quantidade comprada: 11.80473
[2022-02-25T10:59:17.008] [INFO] log_default - Valor de venta atual: 11.789712
[2022-02-25T10:59:17.008] [INFO] log_default - Variação: -0.12722019055073291
[2022-02-25T10:59:17.009] [INFO] log_default - ________________________________________
